C:\MASTER\TES\TES\PROJECTS\AI\RELEASE\KINEMATICMOVEMENT.OBJ
C:\MASTER\TES\TES\PROJECTS\AI\RELEASE\SERVER.OBJ
C:\MASTER\TES\TES\PROJECTS\AI\RELEASE\DYNAMICMOVEMENT.OBJ
C:\MASTER\TES\TES\PROJECTS\AI\RELEASE\MOVEMENT.OBJ
C:\MASTER\TES\TES\PROJECTS\AI\RELEASE\VC110.PDB
C:\MASTER\TES\TES\PROJECTS\AI\RELEASE\AI.LIB
C:\Master\TES\TES\Projects\AI\Release\DynamicMovement.obj
C:\Master\TES\TES\Projects\AI\Release\KinematicMovement.obj
C:\Master\TES\TES\Projects\AI\Release\Movement.obj
C:\Master\TES\TES\Projects\AI\Release\Server.obj
C:\Master\TES\TES\Projects\AI\Release\CL.6516.read.1.tlog
C:\Master\TES\TES\Projects\AI\Release\CL.6516.write.1.tlog
C:\Master\TES\TES\Projects\AI\Release\CL.6524.read.1.tlog
C:\Master\TES\TES\Projects\AI\Release\CL.6524.write.1.tlog
C:\Master\TES\TES\Projects\AI\Release\CL.6532.read.1.tlog
C:\Master\TES\TES\Projects\AI\Release\CL.6532.write.1.tlog
C:\Master\TES\TES\Projects\AI\Release\CL.6540.read.1.tlog
C:\Master\TES\TES\Projects\AI\Release\CL.6540.write.1.tlog
C:\Master\TES\TES\Projects\AI\Release\cl.command.1.tlog
C:\Master\TES\TES\Projects\AI\Release\CL.read.1.tlog
C:\Master\TES\TES\Projects\AI\Release\CL.write.1.tlog
C:\Master\TES\TES\Projects\AI\Release\Lib-link.read.1.tlog
C:\Master\TES\TES\Projects\AI\Release\Lib-link.write.1.tlog
C:\Master\TES\TES\Projects\AI\Release\lib.command.1.tlog
C:\Master\TES\TES\Projects\AI\Release\vc110.pdb
C:\Master\TES\TES\Projects\AI\Release\AI.lib
