C:\MASTER\TES\TES\PROJECTS\BASESUBSYSTEMS\DEBUG\CONFIGURATIONMANAGER.OBJ
C:\MASTER\TES\TES\PROJECTS\BASESUBSYSTEMS\DEBUG\LOG.OBJ
C:\MASTER\TES\TES\PROJECTS\BASESUBSYSTEMS\DEBUG\RANDOMUTILS.OBJ
C:\MASTER\TES\TES\PROJECTS\BASESUBSYSTEMS\DEBUG\SERVER.OBJ
C:\MASTER\TES\TES\PROJECTS\BASESUBSYSTEMS\DEBUG\VC110.PDB
C:\MASTER\TES\TES\PROJECTS\BASESUBSYSTEMS\DEBUG\BASESUBSYSTEMS.LIB
C:\Master\TES\TES\Projects\BaseSubsystems\Debug\BaseSubsystems.vcxprojResolveAssemblyReference.cache
C:\Master\TES\TES\Projects\BaseSubsystems\Debug\ConfigurationManager.obj
C:\Master\TES\TES\Projects\BaseSubsystems\Debug\Log.obj
C:\Master\TES\TES\Projects\BaseSubsystems\Debug\RandomUtils.obj
C:\Master\TES\TES\Projects\BaseSubsystems\Debug\Server.obj
C:\Master\TES\TES\Projects\BaseSubsystems\Debug\cl.command.1.tlog
C:\Master\TES\TES\Projects\BaseSubsystems\Debug\CL.read.1.tlog
C:\Master\TES\TES\Projects\BaseSubsystems\Debug\CL.write.1.tlog
C:\Master\TES\TES\Projects\BaseSubsystems\Debug\Lib-link.read.1.tlog
C:\Master\TES\TES\Projects\BaseSubsystems\Debug\Lib-link.write.1.tlog
C:\Master\TES\TES\Projects\BaseSubsystems\Debug\lib.command.1.tlog
C:\Master\TES\TES\Projects\BaseSubsystems\Debug\vc110.idb
C:\Master\TES\TES\Projects\BaseSubsystems\Debug\vc110.pdb
C:\Master\TES\TES\Projects\BaseSubsystems\Debug\BaseSubsystems.lib
