C:\MASTER\TES\TES\PROJECTS\APPLICATION\RELEASE\CREDITOSSTATE.OBJ
C:\MASTER\TES\TES\PROJECTS\APPLICATION\RELEASE\OGRECLOCK.OBJ
C:\MASTER\TES\TES\PROJECTS\APPLICATION\RELEASE\OPTIONSTATE.OBJ
C:\MASTER\TES\TES\PROJECTS\APPLICATION\RELEASE\TROPHYSTATE.OBJ
C:\MASTER\TES\TES\PROJECTS\APPLICATION\RELEASE\DOCCOMPILANDO.OBJ
C:\MASTER\TES\TES\PROJECTS\APPLICATION\RELEASE\DOCDIRECTORIOS.OBJ
C:\MASTER\TES\TES\PROJECTS\APPLICATION\RELEASE\BASEAPPLICATION.OBJ
C:\MASTER\TES\TES\PROJECTS\APPLICATION\RELEASE\GALEONAPPLICATION.OBJ
C:\MASTER\TES\TES\PROJECTS\APPLICATION\RELEASE\GAMESTATE.OBJ
C:\MASTER\TES\TES\PROJECTS\APPLICATION\RELEASE\CLOCK.OBJ
C:\MASTER\TES\TES\PROJECTS\APPLICATION\RELEASE\GALEON.OBJ
C:\MASTER\TES\TES\PROJECTS\APPLICATION\RELEASE\GAMEOVERSTATE.OBJ
C:\MASTER\TES\TES\PROJECTS\APPLICATION\RELEASE\3DAPPLICATION.OBJ
C:\MASTER\TES\TES\PROJECTS\APPLICATION\RELEASE\MENUSTATE.OBJ
C:\MASTER\TES\TES\PROJECTS\APPLICATION\RELEASE\OPTIONCONTROLSTATE.OBJ
C:\MASTER\TES\TES\PROJECTS\APPLICATION\RELEASE\PAUSESTATE.OBJ
C:\MASTER\TES\TES\PROJECTS\APPLICATION\RELEASE\VC110.PDB
C:\MASTER\TES\TES\EXES\THEETERNALSORROW.EXE
C:\MASTER\TES\TES\EXES\THEETERNALSORROW.PDB
C:\Master\TES\TES\Projects\Application\Release\3DApplication.obj
C:\Master\TES\TES\Projects\Application\Release\BaseApplication.obj
C:\Master\TES\TES\Projects\Application\Release\Clock.obj
C:\Master\TES\TES\Projects\Application\Release\CreditosState.obj
C:\Master\TES\TES\Projects\Application\Release\docCompilando.obj
C:\Master\TES\TES\Projects\Application\Release\docDirectorios.obj
C:\Master\TES\TES\Projects\Application\Release\Galeon.obj
C:\Master\TES\TES\Projects\Application\Release\GaleonApplication.obj
C:\Master\TES\TES\Projects\Application\Release\GameOverState.obj
C:\Master\TES\TES\Projects\Application\Release\GameState.obj
C:\Master\TES\TES\Projects\Application\Release\MenuState.obj
C:\Master\TES\TES\Projects\Application\Release\OgreClock.obj
C:\Master\TES\TES\Projects\Application\Release\OptionControlState.obj
C:\Master\TES\TES\Projects\Application\Release\OptionState.obj
C:\Master\TES\TES\Projects\Application\Release\PauseState.obj
C:\Master\TES\TES\Projects\Application\Release\TrophyState.obj
C:\Master\TES\TES\Projects\Application\Release\CL.5000.read.1.tlog
C:\Master\TES\TES\Projects\Application\Release\CL.5000.write.1.tlog
C:\Master\TES\TES\Projects\Application\Release\CL.6048.read.1.tlog
C:\Master\TES\TES\Projects\Application\Release\CL.6048.write.1.tlog
C:\Master\TES\TES\Projects\Application\Release\CL.6576.read.1.tlog
C:\Master\TES\TES\Projects\Application\Release\CL.6576.write.1.tlog
C:\Master\TES\TES\Projects\Application\Release\CL.6692.read.1.tlog
C:\Master\TES\TES\Projects\Application\Release\CL.6692.write.1.tlog
C:\Master\TES\TES\Projects\Application\Release\cl.command.1.tlog
C:\Master\TES\TES\Projects\Application\Release\CL.read.1.tlog
C:\Master\TES\TES\Projects\Application\Release\CL.write.1.tlog
C:\Master\TES\TES\Projects\Application\Release\link-cvtres.read.1.tlog
C:\Master\TES\TES\Projects\Application\Release\link-cvtres.write.1.tlog
C:\Master\TES\TES\Projects\Application\Release\link-rc.read.1.tlog
C:\Master\TES\TES\Projects\Application\Release\link-rc.write.1.tlog
C:\Master\TES\TES\Projects\Application\Release\link.command.1.tlog
C:\Master\TES\TES\Projects\Application\Release\link.read.1.tlog
C:\Master\TES\TES\Projects\Application\Release\link.read.7.tlog
C:\Master\TES\TES\Projects\Application\Release\link.write.1.tlog
C:\Master\TES\TES\Projects\Application\Release\vc110.pdb
C:\Master\TES\TES\Exes\TheEternalSorrow.pdb
C:\Master\TES\TES\Exes\TheEternalSorrow.exe
