C:\MASTER\TES\TES\PROJECTS\LOGIC\DEBUG\TRIGGERUSABLEWEAPON.OBJ
C:\MASTER\TES\TES\PROJECTS\LOGIC\DEBUG\USABLEOBJECTTRIGGER.OBJ
C:\MASTER\TES\TES\PROJECTS\LOGIC\DEBUG\VERVIDAENEMIGOS.OBJ
C:\MASTER\TES\TES\PROJECTS\LOGIC\DEBUG\WAITANIMATIONS.OBJ
C:\MASTER\TES\TES\PROJECTS\LOGIC\DEBUG\WEAPON.OBJ
C:\MASTER\TES\TES\PROJECTS\LOGIC\DEBUG\WEAPONCONTROLLER.OBJ
C:\MASTER\TES\TES\PROJECTS\LOGIC\DEBUG\SCRIPTENTITY.OBJ
C:\MASTER\TES\TES\PROJECTS\LOGIC\DEBUG\MAPMANAGER.OBJ
C:\MASTER\TES\TES\PROJECTS\LOGIC\DEBUG\POOLMANAGER.OBJ
C:\MASTER\TES\TES\PROJECTS\LOGIC\DEBUG\COMPONENTFACTORY.OBJ
C:\MASTER\TES\TES\PROJECTS\LOGIC\DEBUG\ENTITYFACTORY.OBJ
C:\MASTER\TES\TES\PROJECTS\LOGIC\DEBUG\ENTITYID.OBJ
C:\MASTER\TES\TES\PROJECTS\LOGIC\DEBUG\MAP.OBJ
C:\MASTER\TES\TES\PROJECTS\LOGIC\DEBUG\COMMUNICATIONPORT.OBJ
C:\MASTER\TES\TES\PROJECTS\LOGIC\DEBUG\COMPONENT.OBJ
C:\MASTER\TES\TES\PROJECTS\LOGIC\DEBUG\ENTITY.OBJ
C:\MASTER\TES\TES\PROJECTS\LOGIC\DEBUG\AVATARCONTROLLER.OBJ
C:\MASTER\TES\TES\PROJECTS\LOGIC\DEBUG\CAMERA.OBJ
C:\MASTER\TES\TES\PROJECTS\LOGIC\DEBUG\GRAPHICS.OBJ
C:\MASTER\TES\TES\PROJECTS\LOGIC\DEBUG\SERVER.OBJ
C:\MASTER\TES\TES\PROJECTS\LOGIC\DEBUG\SCRIPTCOMPONENT.OBJ
C:\MASTER\TES\TES\PROJECTS\LOGIC\DEBUG\SHAKE.OBJ
C:\MASTER\TES\TES\PROJECTS\LOGIC\DEBUG\SHIELDSPECIALCONTROLLER.OBJ
C:\MASTER\TES\TES\PROJECTS\LOGIC\DEBUG\SMARTOBJECTJUMP.OBJ
C:\MASTER\TES\TES\PROJECTS\LOGIC\DEBUG\SOULCONTROLLER.OBJ
C:\MASTER\TES\TES\PROJECTS\LOGIC\DEBUG\SOULFEEDBACKCONTROLLER.OBJ
C:\MASTER\TES\TES\PROJECTS\LOGIC\DEBUG\SOULLIGHTEFFECT.OBJ
C:\MASTER\TES\TES\PROJECTS\LOGIC\DEBUG\SOULMENUGENERATOR.OBJ
C:\MASTER\TES\TES\PROJECTS\LOGIC\DEBUG\SOUNDLISTENER.OBJ
C:\MASTER\TES\TES\PROJECTS\LOGIC\DEBUG\SOUNDSYSTEM.OBJ
C:\MASTER\TES\TES\PROJECTS\LOGIC\DEBUG\SOUNDSYSTEM3D.OBJ
C:\MASTER\TES\TES\PROJECTS\LOGIC\DEBUG\SPOTLIGHT.OBJ
C:\MASTER\TES\TES\PROJECTS\LOGIC\DEBUG\STATICTEXT.OBJ
C:\MASTER\TES\TES\PROJECTS\LOGIC\DEBUG\STEERINGMOVEMENT.OBJ
C:\MASTER\TES\TES\PROJECTS\LOGIC\DEBUG\SWORDSLASHCONTROLLER.OBJ
C:\MASTER\TES\TES\PROJECTS\LOGIC\DEBUG\TILEFRAGILE.OBJ
C:\MASTER\TES\TES\PROJECTS\LOGIC\DEBUG\TIMETODISAPPEAR..OBJ
C:\MASTER\TES\TES\PROJECTS\LOGIC\DEBUG\TIMETOLIVE.OBJ
C:\MASTER\TES\TES\PROJECTS\LOGIC\DEBUG\TONGUEBALLCONTROLLER.OBJ
C:\MASTER\TES\TES\PROJECTS\LOGIC\DEBUG\TORCHBEHAVIOUR.OBJ
C:\MASTER\TES\TES\PROJECTS\LOGIC\DEBUG\MELEESHIELD.OBJ
C:\MASTER\TES\TES\PROJECTS\LOGIC\DEBUG\MELEETONGUE.OBJ
C:\MASTER\TES\TES\PROJECTS\LOGIC\DEBUG\MOVABLETEXT.OBJ
C:\MASTER\TES\TES\PROJECTS\LOGIC\DEBUG\PARTICLECONTROLLER.OBJ
C:\MASTER\TES\TES\PROJECTS\LOGIC\DEBUG\PARTICULACHUPAALMASCONTROLLER.OBJ
C:\MASTER\TES\TES\PROJECTS\LOGIC\DEBUG\PHYSICCOIN.OBJ
C:\MASTER\TES\TES\PROJECTS\LOGIC\DEBUG\PHYSICCONTROLLER.OBJ
C:\MASTER\TES\TES\PROJECTS\LOGIC\DEBUG\PHYSICDOOR.OBJ
C:\MASTER\TES\TES\PROJECTS\LOGIC\DEBUG\PHYSICENTITY.OBJ
C:\MASTER\TES\TES\PROJECTS\LOGIC\DEBUG\PHYSICSDEBUG.OBJ
C:\MASTER\TES\TES\PROJECTS\LOGIC\DEBUG\PHYSICTILEFRAGILE.OBJ
C:\MASTER\TES\TES\PROJECTS\LOGIC\DEBUG\PHYSICWEAPON.OBJ
C:\MASTER\TES\TES\PROJECTS\LOGIC\DEBUG\PINCHOSCONTROLLER.OBJ
C:\MASTER\TES\TES\PROJECTS\LOGIC\DEBUG\PLAYERLIGHTCONTROLLER.OBJ
C:\MASTER\TES\TES\PROJECTS\LOGIC\DEBUG\PUNTUALLIGHT.OBJ
C:\MASTER\TES\TES\PROJECTS\LOGIC\DEBUG\PUSHBACKCOMPONENT.OBJ
C:\MASTER\TES\TES\PROJECTS\LOGIC\DEBUG\REDUCETIMECHEST.OBJ
C:\MASTER\TES\TES\PROJECTS\LOGIC\DEBUG\REGENERACIONVIDA.OBJ
C:\MASTER\TES\TES\PROJECTS\LOGIC\DEBUG\RIBBONTRAILCOMPONENT.OBJ
C:\MASTER\TES\TES\PROJECTS\LOGIC\DEBUG\RIBBONTRAILCOMPONENTBIS.OBJ
C:\MASTER\TES\TES\PROJECTS\LOGIC\DEBUG\IAINVINCIBLE.OBJ
C:\MASTER\TES\TES\PROJECTS\LOGIC\DEBUG\IAKAMIKAZE.OBJ
C:\MASTER\TES\TES\PROJECTS\LOGIC\DEBUG\IAPONG.OBJ
C:\MASTER\TES\TES\PROJECTS\LOGIC\DEBUG\IARUNAWAY.OBJ
C:\MASTER\TES\TES\PROJECTS\LOGIC\DEBUG\IASEEKRAY.OBJ
C:\MASTER\TES\TES\PROJECTS\LOGIC\DEBUG\IASHOOTPLAYER.OBJ
C:\MASTER\TES\TES\PROJECTS\LOGIC\DEBUG\IASHOOTRAYCAST.OBJ
C:\MASTER\TES\TES\PROJECTS\LOGIC\DEBUG\IASHOOTUNIDIR.OBJ
C:\MASTER\TES\TES\PROJECTS\LOGIC\DEBUG\IASTEALLIFE.OBJ
C:\MASTER\TES\TES\PROJECTS\LOGIC\DEBUG\IASUMMON.OBJ
C:\MASTER\TES\TES\PROJECTS\LOGIC\DEBUG\IATELEPORT.OBJ
C:\MASTER\TES\TES\PROJECTS\LOGIC\DEBUG\IAWANDER.OBJ
C:\MASTER\TES\TES\PROJECTS\LOGIC\DEBUG\KATANA.OBJ
C:\MASTER\TES\TES\PROJECTS\LOGIC\DEBUG\LASERBALLCONTROLLER.OBJ
C:\MASTER\TES\TES\PROJECTS\LOGIC\DEBUG\LASERBEAMCONTROLLER.OBJ
C:\MASTER\TES\TES\PROJECTS\LOGIC\DEBUG\LIFE.OBJ
C:\MASTER\TES\TES\PROJECTS\LOGIC\DEBUG\LIFEBUTLER.OBJ
C:\MASTER\TES\TES\PROJECTS\LOGIC\DEBUG\LIFEDOOR.OBJ
C:\MASTER\TES\TES\PROJECTS\LOGIC\DEBUG\LIFEENEMY.OBJ
C:\MASTER\TES\TES\PROJECTS\LOGIC\DEBUG\LIFEPLAYER.OBJ
C:\MASTER\TES\TES\PROJECTS\LOGIC\DEBUG\CAMERAPAUSE.OBJ
C:\MASTER\TES\TES\PROJECTS\LOGIC\DEBUG\COINTORQUECONTROLLER.OBJ
C:\MASTER\TES\TES\PROJECTS\LOGIC\DEBUG\DAMAGEMELEEENEMY.OBJ
C:\MASTER\TES\TES\PROJECTS\LOGIC\DEBUG\DIRECTIONAL.OBJ
C:\MASTER\TES\TES\PROJECTS\LOGIC\DEBUG\DOORTRIGGER.OBJ
C:\MASTER\TES\TES\PROJECTS\LOGIC\DEBUG\ENEMYMELEEATTACK.OBJ
C:\MASTER\TES\TES\PROJECTS\LOGIC\DEBUG\ENTITYCONTROLLER.OBJ
C:\MASTER\TES\TES\PROJECTS\LOGIC\DEBUG\FLOATINGOBJECT.OBJ
C:\MASTER\TES\TES\PROJECTS\LOGIC\DEBUG\GREENSWORD.OBJ
C:\MASTER\TES\TES\PROJECTS\LOGIC\DEBUG\GUNAK47.OBJ
C:\MASTER\TES\TES\PROJECTS\LOGIC\DEBUG\GUNDART.OBJ
C:\MASTER\TES\TES\PROJECTS\LOGIC\DEBUG\GUNLASER.OBJ
C:\MASTER\TES\TES\PROJECTS\LOGIC\DEBUG\IAAPPROACH.OBJ
C:\MASTER\TES\TES\PROJECTS\LOGIC\DEBUG\IAAPPROACHMULTIDIR.OBJ
C:\MASTER\TES\TES\PROJECTS\LOGIC\DEBUG\IAAPPROACHPOSITION.OBJ
C:\MASTER\TES\TES\PROJECTS\LOGIC\DEBUG\IAAVOID.OBJ
C:\MASTER\TES\TES\PROJECTS\LOGIC\DEBUG\IADEFEND.OBJ
C:\MASTER\TES\TES\PROJECTS\LOGIC\DEBUG\IADODGE.OBJ
C:\MASTER\TES\TES\PROJECTS\LOGIC\DEBUG\IADUMMY.OBJ
C:\MASTER\TES\TES\PROJECTS\LOGIC\DEBUG\IAIDLE.OBJ
C:\MASTER\TES\TES\PROJECTS\LOGIC\DEBUG\AIINTERMEDIATE.OBJ
C:\MASTER\TES\TES\PROJECTS\LOGIC\DEBUG\ALTARFEEDBACKCONTROLLER.OBJ
C:\MASTER\TES\TES\PROJECTS\LOGIC\DEBUG\ALTSTATCANIBAL.OBJ
C:\MASTER\TES\TES\PROJECTS\LOGIC\DEBUG\ALTSTATESCONTROLLER.OBJ
C:\MASTER\TES\TES\PROJECTS\LOGIC\DEBUG\ANIMATEDGRAPHICS.OBJ
C:\MASTER\TES\TES\PROJECTS\LOGIC\DEBUG\ARMS.OBJ
C:\MASTER\TES\TES\PROJECTS\LOGIC\DEBUG\ARROWENEMY.OBJ
C:\MASTER\TES\TES\PROJECTS\LOGIC\DEBUG\AUMENTARTIEMPORETO.OBJ
C:\MASTER\TES\TES\PROJECTS\LOGIC\DEBUG\AUMENTOPORCENTAJEALMAS.OBJ
C:\MASTER\TES\TES\PROJECTS\LOGIC\DEBUG\AUMENTOUNSALTO.OBJ
C:\MASTER\TES\TES\PROJECTS\LOGIC\DEBUG\AUMENTOVIDAMAXIMA.OBJ
C:\MASTER\TES\TES\PROJECTS\LOGIC\DEBUG\BANNERANIMATIONCONTROLLER.OBJ
C:\MASTER\TES\TES\PROJECTS\LOGIC\DEBUG\BARRALIFECONTROLLER.OBJ
C:\MASTER\TES\TES\PROJECTS\LOGIC\DEBUG\BARRILTRIGGER.OBJ
C:\MASTER\TES\TES\PROJECTS\LOGIC\DEBUG\BILLBOARD.OBJ
C:\MASTER\TES\TES\PROJECTS\LOGIC\DEBUG\BULLETCONTROLLER.OBJ
C:\MASTER\TES\TES\PROJECTS\LOGIC\DEBUG\CAMERAEFFECTS.OBJ
C:\MASTER\TES\TES\PROJECTS\LOGIC\DEBUG\CAMERAMENU.OBJ
C:\MASTER\TES\TES\PROJECTS\LOGIC\DEBUG\VC110.PDB
C:\MASTER\TES\TES\PROJECTS\LOGIC\DEBUG\LIFEBROKENOBJECTS.OBJ
C:\MASTER\TES\TES\PROJECTS\LOGIC\DEBUG\LOGIC.LIB
C:\Master\TES\TES\Projects\Logic\Debug\AIIntermediate.obj
C:\Master\TES\TES\Projects\Logic\Debug\AltarFeedbackController.obj
C:\Master\TES\TES\Projects\Logic\Debug\AltStatCanibal.obj
C:\Master\TES\TES\Projects\Logic\Debug\AltStatesController.obj
C:\Master\TES\TES\Projects\Logic\Debug\AnimatedGraphics.obj
C:\Master\TES\TES\Projects\Logic\Debug\Arms.obj
C:\Master\TES\TES\Projects\Logic\Debug\ArrowEnemy.obj
C:\Master\TES\TES\Projects\Logic\Debug\AumentarTiempoReto.obj
C:\Master\TES\TES\Projects\Logic\Debug\AumentoPorcentajeAlmas.obj
C:\Master\TES\TES\Projects\Logic\Debug\AumentoUnSalto.obj
C:\Master\TES\TES\Projects\Logic\Debug\AumentoVidaMaxima.obj
C:\Master\TES\TES\Projects\Logic\Debug\AvatarController.obj
C:\Master\TES\TES\Projects\Logic\Debug\BannerAnimationController.obj
C:\Master\TES\TES\Projects\Logic\Debug\BarraLifeController.obj
C:\Master\TES\TES\Projects\Logic\Debug\BarrilTrigger.obj
C:\Master\TES\TES\Projects\Logic\Debug\Billboard.obj
C:\Master\TES\TES\Projects\Logic\Debug\BulletController.obj
C:\Master\TES\TES\Projects\Logic\Debug\Camera.obj
C:\Master\TES\TES\Projects\Logic\Debug\CameraEffects.obj
C:\Master\TES\TES\Projects\Logic\Debug\CameraMenu.obj
C:\Master\TES\TES\Projects\Logic\Debug\CameraPause.obj
C:\Master\TES\TES\Projects\Logic\Debug\CoinTorqueController.obj
C:\Master\TES\TES\Projects\Logic\Debug\CommunicationPort.obj
C:\Master\TES\TES\Projects\Logic\Debug\Component.obj
C:\Master\TES\TES\Projects\Logic\Debug\ComponentFactory.obj
C:\Master\TES\TES\Projects\Logic\Debug\DamageMeleeEnemy.obj
C:\Master\TES\TES\Projects\Logic\Debug\Directional.obj
C:\Master\TES\TES\Projects\Logic\Debug\DoorTrigger.obj
C:\Master\TES\TES\Projects\Logic\Debug\EnemyMeleeAttack.obj
C:\Master\TES\TES\Projects\Logic\Debug\Entity.obj
C:\Master\TES\TES\Projects\Logic\Debug\EntityController.obj
C:\Master\TES\TES\Projects\Logic\Debug\EntityFactory.obj
C:\Master\TES\TES\Projects\Logic\Debug\EntityID.obj
C:\Master\TES\TES\Projects\Logic\Debug\FloatingObject.obj
C:\Master\TES\TES\Projects\Logic\Debug\Graphics.obj
C:\Master\TES\TES\Projects\Logic\Debug\GreenSword.obj
C:\Master\TES\TES\Projects\Logic\Debug\GunAK47.obj
C:\Master\TES\TES\Projects\Logic\Debug\GunDart.obj
C:\Master\TES\TES\Projects\Logic\Debug\GunLaser.obj
C:\Master\TES\TES\Projects\Logic\Debug\IAApproach.obj
C:\Master\TES\TES\Projects\Logic\Debug\IAApproachMultiDir.obj
C:\Master\TES\TES\Projects\Logic\Debug\IAApproachPosition.obj
C:\Master\TES\TES\Projects\Logic\Debug\IAAvoid.obj
C:\Master\TES\TES\Projects\Logic\Debug\IADefend.obj
C:\Master\TES\TES\Projects\Logic\Debug\IADodge.obj
C:\Master\TES\TES\Projects\Logic\Debug\IADummy.obj
C:\Master\TES\TES\Projects\Logic\Debug\IAIdle.obj
C:\Master\TES\TES\Projects\Logic\Debug\IAInvincible.obj
C:\Master\TES\TES\Projects\Logic\Debug\IAKamikaze.obj
C:\Master\TES\TES\Projects\Logic\Debug\IAPong.obj
C:\Master\TES\TES\Projects\Logic\Debug\IARunAway.obj
C:\Master\TES\TES\Projects\Logic\Debug\IASeekRay.obj
C:\Master\TES\TES\Projects\Logic\Debug\IAShootPlayer.obj
C:\Master\TES\TES\Projects\Logic\Debug\IAShootRaycast.obj
C:\Master\TES\TES\Projects\Logic\Debug\IAShootUniDir.obj
C:\Master\TES\TES\Projects\Logic\Debug\IAStealLife.obj
C:\Master\TES\TES\Projects\Logic\Debug\IASummon.obj
C:\Master\TES\TES\Projects\Logic\Debug\IATeleport.obj
C:\Master\TES\TES\Projects\Logic\Debug\IAWander.obj
C:\Master\TES\TES\Projects\Logic\Debug\Katana.obj
C:\Master\TES\TES\Projects\Logic\Debug\LaserBallController.obj
C:\Master\TES\TES\Projects\Logic\Debug\LaserBeamController.obj
C:\Master\TES\TES\Projects\Logic\Debug\Life.obj
C:\Master\TES\TES\Projects\Logic\Debug\LifeBrokenObjects.obj
C:\Master\TES\TES\Projects\Logic\Debug\LifeButler.obj
C:\Master\TES\TES\Projects\Logic\Debug\LifeDoor.obj
C:\Master\TES\TES\Projects\Logic\Debug\LifeEnemy.obj
C:\Master\TES\TES\Projects\Logic\Debug\LifePlayer.obj
C:\Master\TES\TES\Projects\Logic\Debug\Map.obj
C:\Master\TES\TES\Projects\Logic\Debug\MapManager.obj
C:\Master\TES\TES\Projects\Logic\Debug\MeleeShield.obj
C:\Master\TES\TES\Projects\Logic\Debug\MeleeTongue.obj
C:\Master\TES\TES\Projects\Logic\Debug\MovableText.obj
C:\Master\TES\TES\Projects\Logic\Debug\ParticleController.obj
C:\Master\TES\TES\Projects\Logic\Debug\particulaChupaAlmasController.obj
C:\Master\TES\TES\Projects\Logic\Debug\PhysicCoin.obj
C:\Master\TES\TES\Projects\Logic\Debug\PhysicController.obj
C:\Master\TES\TES\Projects\Logic\Debug\PhysicDoor.obj
C:\Master\TES\TES\Projects\Logic\Debug\PhysicEntity.obj
C:\Master\TES\TES\Projects\Logic\Debug\PhysicsDebug.obj
C:\Master\TES\TES\Projects\Logic\Debug\PhysicTileFragile.obj
C:\Master\TES\TES\Projects\Logic\Debug\PhysicWeapon.obj
C:\Master\TES\TES\Projects\Logic\Debug\PinchosController.obj
C:\Master\TES\TES\Projects\Logic\Debug\PlayerLightController.obj
C:\Master\TES\TES\Projects\Logic\Debug\PoolManager.obj
C:\Master\TES\TES\Projects\Logic\Debug\PuntualLight.obj
C:\Master\TES\TES\Projects\Logic\Debug\PushbackComponent.obj
C:\Master\TES\TES\Projects\Logic\Debug\ReduceTimeChest.obj
C:\Master\TES\TES\Projects\Logic\Debug\RegeneracionVida.obj
C:\Master\TES\TES\Projects\Logic\Debug\RibbonTrailComponent.obj
C:\Master\TES\TES\Projects\Logic\Debug\RibbonTrailComponentBis.obj
C:\Master\TES\TES\Projects\Logic\Debug\ScriptComponent.obj
C:\Master\TES\TES\Projects\Logic\Debug\ScriptEntity.obj
C:\Master\TES\TES\Projects\Logic\Debug\Server.obj
C:\Master\TES\TES\Projects\Logic\Debug\Shake.obj
C:\Master\TES\TES\Projects\Logic\Debug\ShieldSpecialController.obj
C:\Master\TES\TES\Projects\Logic\Debug\SmartObjectJump.obj
C:\Master\TES\TES\Projects\Logic\Debug\SoulController.obj
C:\Master\TES\TES\Projects\Logic\Debug\SoulFeedbackController.obj
C:\Master\TES\TES\Projects\Logic\Debug\SoulLightEffect.obj
C:\Master\TES\TES\Projects\Logic\Debug\SoulMenuGenerator.obj
C:\Master\TES\TES\Projects\Logic\Debug\SoundListener.obj
C:\Master\TES\TES\Projects\Logic\Debug\SoundSystem.obj
C:\Master\TES\TES\Projects\Logic\Debug\SoundSystem3D.obj
C:\Master\TES\TES\Projects\Logic\Debug\SpotLight.obj
C:\Master\TES\TES\Projects\Logic\Debug\StaticText.obj
C:\Master\TES\TES\Projects\Logic\Debug\SteeringMovement.obj
C:\Master\TES\TES\Projects\Logic\Debug\SwordSlashController.obj
C:\Master\TES\TES\Projects\Logic\Debug\TileFragile.obj
C:\Master\TES\TES\Projects\Logic\Debug\TimeToDisappear..obj
C:\Master\TES\TES\Projects\Logic\Debug\TimeToLive.obj
C:\Master\TES\TES\Projects\Logic\Debug\TongueBallController.obj
C:\Master\TES\TES\Projects\Logic\Debug\TorchBehaviour.obj
C:\Master\TES\TES\Projects\Logic\Debug\TriggerUsableWeapon.obj
C:\Master\TES\TES\Projects\Logic\Debug\UsableObjectTrigger.obj
C:\Master\TES\TES\Projects\Logic\Debug\VerVidaEnemigos.obj
C:\Master\TES\TES\Projects\Logic\Debug\WaitAnimations.obj
C:\Master\TES\TES\Projects\Logic\Debug\Weapon.obj
C:\Master\TES\TES\Projects\Logic\Debug\WeaponController.obj
C:\Master\TES\TES\Projects\Logic\Debug\cl.command.1.tlog
C:\Master\TES\TES\Projects\Logic\Debug\CL.read.1.tlog
C:\Master\TES\TES\Projects\Logic\Debug\CL.write.1.tlog
C:\Master\TES\TES\Projects\Logic\Debug\Lib-link.read.1.tlog
C:\Master\TES\TES\Projects\Logic\Debug\Lib-link.write.1.tlog
C:\Master\TES\TES\Projects\Logic\Debug\lib.command.1.tlog
C:\Master\TES\TES\Projects\Logic\Debug\vc110.idb
C:\Master\TES\TES\Projects\Logic\Debug\vc110.pdb
C:\Master\TES\TES\Projects\Logic\Debug\Logic.lib
