C:\MASTER\TES\TES\PROJECTS\GRAPHICS\RELEASE\ANIMATEDENTITY.OBJ
C:\MASTER\TES\TES\PROJECTS\GRAPHICS\RELEASE\BILLBOARDS.OBJ
C:\MASTER\TES\TES\PROJECTS\GRAPHICS\RELEASE\LSPOTLIGHT.OBJ
C:\MASTER\TES\TES\PROJECTS\GRAPHICS\RELEASE\PARTICLE.OBJ
C:\MASTER\TES\TES\PROJECTS\GRAPHICS\RELEASE\SCENE.OBJ
C:\MASTER\TES\TES\PROJECTS\GRAPHICS\RELEASE\ANIMATIONBLENDER.OBJ
C:\MASTER\TES\TES\PROJECTS\GRAPHICS\RELEASE\ENTITY.OBJ
C:\MASTER\TES\TES\PROJECTS\GRAPHICS\RELEASE\MANUALENTITY.OBJ
C:\MASTER\TES\TES\PROJECTS\GRAPHICS\RELEASE\PARTICLEMANAGER.OBJ
C:\MASTER\TES\TES\PROJECTS\GRAPHICS\RELEASE\POOLOGREENTITY.OBJ
C:\MASTER\TES\TES\PROJECTS\GRAPHICS\RELEASE\SERVER.OBJ
C:\MASTER\TES\TES\PROJECTS\GRAPHICS\RELEASE\ANIMATIONOBJECT.OBJ
C:\MASTER\TES\TES\PROJECTS\GRAPHICS\RELEASE\LDIRECTIONAL.OBJ
C:\MASTER\TES\TES\PROJECTS\GRAPHICS\RELEASE\LPUNTUAL.OBJ
C:\MASTER\TES\TES\PROJECTS\GRAPHICS\RELEASE\MOVABLETEXTGRAPHICS.OBJ
C:\MASTER\TES\TES\PROJECTS\GRAPHICS\RELEASE\PHYSICSDEBUGVISUALIZATION.OBJ
C:\MASTER\TES\TES\PROJECTS\GRAPHICS\RELEASE\SCENENODE.OBJ
C:\MASTER\TES\TES\PROJECTS\GRAPHICS\RELEASE\TRANSITION.OBJ
C:\MASTER\TES\TES\PROJECTS\GRAPHICS\RELEASE\CAMERA.OBJ
C:\MASTER\TES\TES\PROJECTS\GRAPHICS\RELEASE\LIGHT.OBJ
C:\MASTER\TES\TES\PROJECTS\GRAPHICS\RELEASE\MOVABLETEXT.OBJ
C:\MASTER\TES\TES\PROJECTS\GRAPHICS\RELEASE\RIBBONTRAIL.OBJ
C:\MASTER\TES\TES\PROJECTS\GRAPHICS\RELEASE\STATICENTITY.OBJ
C:\MASTER\TES\TES\PROJECTS\GRAPHICS\RELEASE\VC110.PDB
C:\MASTER\TES\TES\PROJECTS\GRAPHICS\RELEASE\GRAPHICS.LIB
C:\Master\TES\TES\Projects\Graphics\Release\AnimatedEntity.obj
C:\Master\TES\TES\Projects\Graphics\Release\AnimationBlender.obj
C:\Master\TES\TES\Projects\Graphics\Release\AnimationObject.obj
C:\Master\TES\TES\Projects\Graphics\Release\BillBoards.obj
C:\Master\TES\TES\Projects\Graphics\Release\Camera.obj
C:\Master\TES\TES\Projects\Graphics\Release\Entity.obj
C:\Master\TES\TES\Projects\Graphics\Release\LDirectional.obj
C:\Master\TES\TES\Projects\Graphics\Release\Light.obj
C:\Master\TES\TES\Projects\Graphics\Release\LPuntual.obj
C:\Master\TES\TES\Projects\Graphics\Release\LSpotLight.obj
C:\Master\TES\TES\Projects\Graphics\Release\ManualEntity.obj
C:\Master\TES\TES\Projects\Graphics\Release\MovableText.obj
C:\Master\TES\TES\Projects\Graphics\Release\MovableTextGraphics.obj
C:\Master\TES\TES\Projects\Graphics\Release\Particle.obj
C:\Master\TES\TES\Projects\Graphics\Release\ParticleManager.obj
C:\Master\TES\TES\Projects\Graphics\Release\PhysicsDebugVisualization.obj
C:\Master\TES\TES\Projects\Graphics\Release\PoolOgreEntity.obj
C:\Master\TES\TES\Projects\Graphics\Release\RibbonTrail.obj
C:\Master\TES\TES\Projects\Graphics\Release\Scene.obj
C:\Master\TES\TES\Projects\Graphics\Release\SceneNode.obj
C:\Master\TES\TES\Projects\Graphics\Release\Server.obj
C:\Master\TES\TES\Projects\Graphics\Release\StaticEntity.obj
C:\Master\TES\TES\Projects\Graphics\Release\Transition.obj
C:\Master\TES\TES\Projects\Graphics\Release\CL.4788.read.1.tlog
C:\Master\TES\TES\Projects\Graphics\Release\CL.4788.write.1.tlog
C:\Master\TES\TES\Projects\Graphics\Release\CL.6896.read.1.tlog
C:\Master\TES\TES\Projects\Graphics\Release\CL.6896.write.1.tlog
C:\Master\TES\TES\Projects\Graphics\Release\CL.6912.read.1.tlog
C:\Master\TES\TES\Projects\Graphics\Release\CL.6912.write.1.tlog
C:\Master\TES\TES\Projects\Graphics\Release\CL.7124.read.1.tlog
C:\Master\TES\TES\Projects\Graphics\Release\CL.7124.write.1.tlog
C:\Master\TES\TES\Projects\Graphics\Release\cl.command.1.tlog
C:\Master\TES\TES\Projects\Graphics\Release\CL.read.1.tlog
C:\Master\TES\TES\Projects\Graphics\Release\CL.write.1.tlog
C:\Master\TES\TES\Projects\Graphics\Release\Lib-link.read.1.tlog
C:\Master\TES\TES\Projects\Graphics\Release\Lib-link.write.1.tlog
C:\Master\TES\TES\Projects\Graphics\Release\lib.command.1.tlog
C:\Master\TES\TES\Projects\Graphics\Release\vc110.pdb
C:\Master\TES\TES\Projects\Graphics\Release\Graphics.lib
