C:\MASTER\TES\TES\PROJECTS\GUI\RELEASE\SERVER.OBJ
C:\MASTER\TES\TES\PROJECTS\GUI\RELEASE\PLAYERCONTROLLER.OBJ
C:\MASTER\TES\TES\PROJECTS\GUI\RELEASE\INPUTMANAGER.OBJ
C:\MASTER\TES\TES\PROJECTS\GUI\RELEASE\VC110.PDB
C:\MASTER\TES\TES\PROJECTS\GUI\RELEASE\GUI.LIB
C:\Master\TES\TES\Projects\GUI\Release\InputManager.obj
C:\Master\TES\TES\Projects\GUI\Release\PlayerController.obj
C:\Master\TES\TES\Projects\GUI\Release\Server.obj
C:\Master\TES\TES\Projects\GUI\Release\CL.6716.read.1.tlog
C:\Master\TES\TES\Projects\GUI\Release\CL.6716.write.1.tlog
C:\Master\TES\TES\Projects\GUI\Release\CL.7068.read.1.tlog
C:\Master\TES\TES\Projects\GUI\Release\CL.7068.write.1.tlog
C:\Master\TES\TES\Projects\GUI\Release\CL.7088.read.1.tlog
C:\Master\TES\TES\Projects\GUI\Release\CL.7088.write.1.tlog
C:\Master\TES\TES\Projects\GUI\Release\cl.command.1.tlog
C:\Master\TES\TES\Projects\GUI\Release\CL.read.1.tlog
C:\Master\TES\TES\Projects\GUI\Release\CL.write.1.tlog
C:\Master\TES\TES\Projects\GUI\Release\Lib-link.read.1.tlog
C:\Master\TES\TES\Projects\GUI\Release\Lib-link.write.1.tlog
C:\Master\TES\TES\Projects\GUI\Release\lib.command.1.tlog
C:\Master\TES\TES\Projects\GUI\Release\vc110.pdb
C:\Master\TES\TES\Projects\GUI\Release\GUI.lib
