C:\MASTER\TES\TES\PROJECTS\APPLICATION\DEBUG\3DAPPLICATION.OBJ
C:\MASTER\TES\TES\PROJECTS\APPLICATION\DEBUG\BASEAPPLICATION.OBJ
C:\MASTER\TES\TES\PROJECTS\APPLICATION\DEBUG\CLOCK.OBJ
C:\MASTER\TES\TES\PROJECTS\APPLICATION\DEBUG\GALEON.OBJ
C:\MASTER\TES\TES\PROJECTS\APPLICATION\DEBUG\GALEONAPPLICATION.OBJ
C:\MASTER\TES\TES\PROJECTS\APPLICATION\DEBUG\GAMEOVERSTATE.OBJ
C:\MASTER\TES\TES\PROJECTS\APPLICATION\DEBUG\GAMESTATE.OBJ
C:\MASTER\TES\TES\PROJECTS\APPLICATION\DEBUG\MENUSTATE.OBJ
C:\MASTER\TES\TES\PROJECTS\APPLICATION\DEBUG\OGRECLOCK.OBJ
C:\MASTER\TES\TES\PROJECTS\APPLICATION\DEBUG\OPTIONCONTROLSTATE.OBJ
C:\MASTER\TES\TES\PROJECTS\APPLICATION\DEBUG\OPTIONSTATE.OBJ
C:\MASTER\TES\TES\PROJECTS\APPLICATION\DEBUG\PAUSESTATE.OBJ
C:\MASTER\TES\TES\PROJECTS\APPLICATION\DEBUG\TROPHYSTATE.OBJ
C:\MASTER\TES\TES\PROJECTS\APPLICATION\DEBUG\DOCCOMPILANDO.OBJ
C:\MASTER\TES\TES\PROJECTS\APPLICATION\DEBUG\DOCDIRECTORIOS.OBJ
C:\MASTER\TES\TES\PROJECTS\APPLICATION\DEBUG\VC110.PDB
C:\MASTER\TES\TES\EXES\THEETERNALSORROW_D.ILK
C:\MASTER\TES\TES\EXES\THEETERNALSORROW_D.EXE
C:\MASTER\TES\TES\EXES\THEETERNALSORROW_D.PDB
C:\Master\TES\TES\Projects\Application\Debug\Application.vcxprojResolveAssemblyReference.cache
C:\Master\TES\TES\Projects\Application\Debug\3DApplication.obj
C:\Master\TES\TES\Projects\Application\Debug\BaseApplication.obj
C:\Master\TES\TES\Projects\Application\Debug\Clock.obj
C:\Master\TES\TES\Projects\Application\Debug\docCompilando.obj
C:\Master\TES\TES\Projects\Application\Debug\docDirectorios.obj
C:\Master\TES\TES\Projects\Application\Debug\Galeon.obj
C:\Master\TES\TES\Projects\Application\Debug\GaleonApplication.obj
C:\Master\TES\TES\Projects\Application\Debug\GameOverState.obj
C:\Master\TES\TES\Projects\Application\Debug\GameState.obj
C:\Master\TES\TES\Projects\Application\Debug\MenuState.obj
C:\Master\TES\TES\Projects\Application\Debug\OgreClock.obj
C:\Master\TES\TES\Projects\Application\Debug\OptionControlState.obj
C:\Master\TES\TES\Projects\Application\Debug\OptionState.obj
C:\Master\TES\TES\Projects\Application\Debug\PauseState.obj
C:\Master\TES\TES\Projects\Application\Debug\TrophyState.obj
C:\Master\TES\TES\Projects\Application\Debug\cl.command.1.tlog
C:\Master\TES\TES\Projects\Application\Debug\CL.read.1.tlog
C:\Master\TES\TES\Projects\Application\Debug\CL.write.1.tlog
C:\Master\TES\TES\Projects\Application\Debug\link-cvtres.read.1.tlog
C:\Master\TES\TES\Projects\Application\Debug\link-cvtres.write.1.tlog
C:\Master\TES\TES\Projects\Application\Debug\link-rc.read.1.tlog
C:\Master\TES\TES\Projects\Application\Debug\link-rc.write.1.tlog
C:\Master\TES\TES\Projects\Application\Debug\link.11368-cvtres.read.1.tlog
C:\Master\TES\TES\Projects\Application\Debug\link.11368-cvtres.write.1.tlog
C:\Master\TES\TES\Projects\Application\Debug\link.11368-rc.read.1.tlog
C:\Master\TES\TES\Projects\Application\Debug\link.11368-rc.write.1.tlog
C:\Master\TES\TES\Projects\Application\Debug\link.11368.read.1.tlog
C:\Master\TES\TES\Projects\Application\Debug\link.11368.write.1.tlog
C:\Master\TES\TES\Projects\Application\Debug\link.11884-cvtres.read.1.tlog
C:\Master\TES\TES\Projects\Application\Debug\link.11884-cvtres.write.1.tlog
C:\Master\TES\TES\Projects\Application\Debug\link.11884-rc.read.1.tlog
C:\Master\TES\TES\Projects\Application\Debug\link.11884-rc.write.1.tlog
C:\Master\TES\TES\Projects\Application\Debug\link.11884.read.1.tlog
C:\Master\TES\TES\Projects\Application\Debug\link.11884.write.1.tlog
C:\Master\TES\TES\Projects\Application\Debug\link.11972-cvtres.read.1.tlog
C:\Master\TES\TES\Projects\Application\Debug\link.11972-cvtres.write.1.tlog
C:\Master\TES\TES\Projects\Application\Debug\link.11972-rc.read.1.tlog
C:\Master\TES\TES\Projects\Application\Debug\link.11972-rc.write.1.tlog
C:\Master\TES\TES\Projects\Application\Debug\link.11972.read.1.tlog
C:\Master\TES\TES\Projects\Application\Debug\link.11972.write.1.tlog
C:\Master\TES\TES\Projects\Application\Debug\link.11988-cvtres.read.1.tlog
C:\Master\TES\TES\Projects\Application\Debug\link.11988-cvtres.write.1.tlog
C:\Master\TES\TES\Projects\Application\Debug\link.11988-rc.read.1.tlog
C:\Master\TES\TES\Projects\Application\Debug\link.11988-rc.write.1.tlog
C:\Master\TES\TES\Projects\Application\Debug\link.11988.read.1.tlog
C:\Master\TES\TES\Projects\Application\Debug\link.11988.write.1.tlog
C:\Master\TES\TES\Projects\Application\Debug\link.12064-cvtres.read.1.tlog
C:\Master\TES\TES\Projects\Application\Debug\link.12064-cvtres.write.1.tlog
C:\Master\TES\TES\Projects\Application\Debug\link.12064-rc.read.1.tlog
C:\Master\TES\TES\Projects\Application\Debug\link.12064-rc.write.1.tlog
C:\Master\TES\TES\Projects\Application\Debug\link.12064.read.1.tlog
C:\Master\TES\TES\Projects\Application\Debug\link.12064.write.1.tlog
C:\Master\TES\TES\Projects\Application\Debug\link.12224-cvtres.read.1.tlog
C:\Master\TES\TES\Projects\Application\Debug\link.12224-cvtres.write.1.tlog
C:\Master\TES\TES\Projects\Application\Debug\link.12224-rc.read.1.tlog
C:\Master\TES\TES\Projects\Application\Debug\link.12224-rc.write.1.tlog
C:\Master\TES\TES\Projects\Application\Debug\link.12224.read.1.tlog
C:\Master\TES\TES\Projects\Application\Debug\link.12224.write.1.tlog
C:\Master\TES\TES\Projects\Application\Debug\link.3356-cvtres.read.1.tlog
C:\Master\TES\TES\Projects\Application\Debug\link.3356-cvtres.write.1.tlog
C:\Master\TES\TES\Projects\Application\Debug\link.3356-rc.read.1.tlog
C:\Master\TES\TES\Projects\Application\Debug\link.3356-rc.write.1.tlog
C:\Master\TES\TES\Projects\Application\Debug\link.3356.read.1.tlog
C:\Master\TES\TES\Projects\Application\Debug\link.3356.write.1.tlog
C:\Master\TES\TES\Projects\Application\Debug\link.4364-cvtres.read.1.tlog
C:\Master\TES\TES\Projects\Application\Debug\link.4364-cvtres.write.1.tlog
C:\Master\TES\TES\Projects\Application\Debug\link.4364-rc.read.1.tlog
C:\Master\TES\TES\Projects\Application\Debug\link.4364-rc.write.1.tlog
C:\Master\TES\TES\Projects\Application\Debug\link.4364.read.1.tlog
C:\Master\TES\TES\Projects\Application\Debug\link.4364.write.1.tlog
C:\Master\TES\TES\Projects\Application\Debug\link.7316-cvtres.read.1.tlog
C:\Master\TES\TES\Projects\Application\Debug\link.7316-cvtres.write.1.tlog
C:\Master\TES\TES\Projects\Application\Debug\link.7316-rc.read.1.tlog
C:\Master\TES\TES\Projects\Application\Debug\link.7316-rc.write.1.tlog
C:\Master\TES\TES\Projects\Application\Debug\link.7316.read.1.tlog
C:\Master\TES\TES\Projects\Application\Debug\link.7316.write.1.tlog
C:\Master\TES\TES\Projects\Application\Debug\link.command.1.tlog
C:\Master\TES\TES\Projects\Application\Debug\link.read.1.tlog
C:\Master\TES\TES\Projects\Application\Debug\link.write.1.tlog
C:\Master\TES\TES\Projects\Application\Debug\vc110.idb
C:\Master\TES\TES\Projects\Application\Debug\vc110.pdb
C:\Master\TES\TES\Exes\TheEternalSorrow_d.pdb
C:\Master\TES\TES\Exes\TheEternalSorrow_d.exe
C:\Master\TES\TES\Exes\TheEternalSorrow_d.ilk
