C:\MASTER\TES\TES\PROJECTS\LOGIC\RELEASE\ALTSTATESCONTROLLER.OBJ
C:\MASTER\TES\TES\PROJECTS\LOGIC\RELEASE\AUMENTOPORCENTAJEALMAS.OBJ
C:\MASTER\TES\TES\PROJECTS\LOGIC\RELEASE\BARRILTRIGGER.OBJ
C:\MASTER\TES\TES\PROJECTS\LOGIC\RELEASE\BULLETCONTROLLER.OBJ
C:\MASTER\TES\TES\PROJECTS\LOGIC\RELEASE\CAMERAPAUSE.OBJ
C:\MASTER\TES\TES\PROJECTS\LOGIC\RELEASE\ENEMYMELEEATTACK.OBJ
C:\MASTER\TES\TES\PROJECTS\LOGIC\RELEASE\FLOATINGOBJECT.OBJ
C:\MASTER\TES\TES\PROJECTS\LOGIC\RELEASE\GUNLASER.OBJ
C:\MASTER\TES\TES\PROJECTS\LOGIC\RELEASE\IAAPPROACHPOSITION.OBJ
C:\MASTER\TES\TES\PROJECTS\LOGIC\RELEASE\IADODGE.OBJ
C:\MASTER\TES\TES\PROJECTS\LOGIC\RELEASE\LASERBALLCONTROLLER.OBJ
C:\MASTER\TES\TES\PROJECTS\LOGIC\RELEASE\LIFE.OBJ
C:\MASTER\TES\TES\PROJECTS\LOGIC\RELEASE\LIFEBUTLER.OBJ
C:\MASTER\TES\TES\PROJECTS\LOGIC\RELEASE\LIFEENEMY.OBJ
C:\MASTER\TES\TES\PROJECTS\LOGIC\RELEASE\LIFEPLAYER.OBJ
C:\MASTER\TES\TES\PROJECTS\LOGIC\RELEASE\PHYSICWEAPON.OBJ
C:\MASTER\TES\TES\PROJECTS\LOGIC\RELEASE\PLAYERLIGHTCONTROLLER.OBJ
C:\MASTER\TES\TES\PROJECTS\LOGIC\RELEASE\REDUCETIMECHEST.OBJ
C:\MASTER\TES\TES\PROJECTS\LOGIC\RELEASE\RIBBONTRAILCOMPONENT.OBJ
C:\MASTER\TES\TES\PROJECTS\LOGIC\RELEASE\SHIELDSPECIALCONTROLLER.OBJ
C:\MASTER\TES\TES\PROJECTS\LOGIC\RELEASE\SWORDSLASHCONTROLLER.OBJ
C:\MASTER\TES\TES\PROJECTS\LOGIC\RELEASE\TIMETODISAPPEAR..OBJ
C:\MASTER\TES\TES\PROJECTS\LOGIC\RELEASE\SCRIPTENTITY.OBJ
C:\MASTER\TES\TES\PROJECTS\LOGIC\RELEASE\POOLMANAGER.OBJ
C:\MASTER\TES\TES\PROJECTS\LOGIC\RELEASE\COMPONENTFACTORY.OBJ
C:\MASTER\TES\TES\PROJECTS\LOGIC\RELEASE\ENTITYFACTORY.OBJ
C:\MASTER\TES\TES\PROJECTS\LOGIC\RELEASE\COMMUNICATIONPORT.OBJ
C:\MASTER\TES\TES\PROJECTS\LOGIC\RELEASE\COMPONENT.OBJ
C:\MASTER\TES\TES\PROJECTS\LOGIC\RELEASE\ENTITY.OBJ
C:\MASTER\TES\TES\PROJECTS\LOGIC\RELEASE\ALTSTATCANIBAL.OBJ
C:\MASTER\TES\TES\PROJECTS\LOGIC\RELEASE\ANIMATEDGRAPHICS.OBJ
C:\MASTER\TES\TES\PROJECTS\LOGIC\RELEASE\AUMENTOUNSALTO.OBJ
C:\MASTER\TES\TES\PROJECTS\LOGIC\RELEASE\BANNERANIMATIONCONTROLLER.OBJ
C:\MASTER\TES\TES\PROJECTS\LOGIC\RELEASE\CAMERAEFFECTS.OBJ
C:\MASTER\TES\TES\PROJECTS\LOGIC\RELEASE\DAMAGEMELEEENEMY.OBJ
C:\MASTER\TES\TES\PROJECTS\LOGIC\RELEASE\GUNDART.OBJ
C:\MASTER\TES\TES\PROJECTS\LOGIC\RELEASE\IARUNAWAY.OBJ
C:\MASTER\TES\TES\PROJECTS\LOGIC\RELEASE\IASHOOTRAYCAST.OBJ
C:\MASTER\TES\TES\PROJECTS\LOGIC\RELEASE\IASUMMON.OBJ
C:\MASTER\TES\TES\PROJECTS\LOGIC\RELEASE\IAWANDER.OBJ
C:\MASTER\TES\TES\PROJECTS\LOGIC\RELEASE\LASERBEAMCONTROLLER.OBJ
C:\MASTER\TES\TES\PROJECTS\LOGIC\RELEASE\LIFEBROKENOBJECTS.OBJ
C:\MASTER\TES\TES\PROJECTS\LOGIC\RELEASE\LIFEDOOR.OBJ
C:\MASTER\TES\TES\PROJECTS\LOGIC\RELEASE\MOVABLETEXT.OBJ
C:\MASTER\TES\TES\PROJECTS\LOGIC\RELEASE\PARTICULACHUPAALMASCONTROLLER.OBJ
C:\MASTER\TES\TES\PROJECTS\LOGIC\RELEASE\PHYSICCONTROLLER.OBJ
C:\MASTER\TES\TES\PROJECTS\LOGIC\RELEASE\PUNTUALLIGHT.OBJ
C:\MASTER\TES\TES\PROJECTS\LOGIC\RELEASE\RIBBONTRAILCOMPONENTBIS.OBJ
C:\MASTER\TES\TES\PROJECTS\LOGIC\RELEASE\SOULCONTROLLER.OBJ
C:\MASTER\TES\TES\PROJECTS\LOGIC\RELEASE\SOULMENUGENERATOR.OBJ
C:\MASTER\TES\TES\PROJECTS\LOGIC\RELEASE\SOUNDSYSTEM.OBJ
C:\MASTER\TES\TES\PROJECTS\LOGIC\RELEASE\SPOTLIGHT.OBJ
C:\MASTER\TES\TES\PROJECTS\LOGIC\RELEASE\STEERINGMOVEMENT.OBJ
C:\MASTER\TES\TES\PROJECTS\LOGIC\RELEASE\WEAPONCONTROLLER.OBJ
C:\MASTER\TES\TES\PROJECTS\LOGIC\RELEASE\MAPMANAGER.OBJ
C:\MASTER\TES\TES\PROJECTS\LOGIC\RELEASE\GRAPHICS.OBJ
C:\MASTER\TES\TES\PROJECTS\LOGIC\RELEASE\ALTARFEEDBACKCONTROLLER.OBJ
C:\MASTER\TES\TES\PROJECTS\LOGIC\RELEASE\ARMS.OBJ
C:\MASTER\TES\TES\PROJECTS\LOGIC\RELEASE\BARRALIFECONTROLLER.OBJ
C:\MASTER\TES\TES\PROJECTS\LOGIC\RELEASE\CAMERAMENU.OBJ
C:\MASTER\TES\TES\PROJECTS\LOGIC\RELEASE\DOORTRIGGER.OBJ
C:\MASTER\TES\TES\PROJECTS\LOGIC\RELEASE\ENTITYCONTROLLER.OBJ
C:\MASTER\TES\TES\PROJECTS\LOGIC\RELEASE\GREENSWORD.OBJ
C:\MASTER\TES\TES\PROJECTS\LOGIC\RELEASE\IAAPPROACH.OBJ
C:\MASTER\TES\TES\PROJECTS\LOGIC\RELEASE\IAAVOID.OBJ
C:\MASTER\TES\TES\PROJECTS\LOGIC\RELEASE\IADUMMY.OBJ
C:\MASTER\TES\TES\PROJECTS\LOGIC\RELEASE\IAINVINCIBLE.OBJ
C:\MASTER\TES\TES\PROJECTS\LOGIC\RELEASE\IAPONG.OBJ
C:\MASTER\TES\TES\PROJECTS\LOGIC\RELEASE\IASHOOTPLAYER.OBJ
C:\MASTER\TES\TES\PROJECTS\LOGIC\RELEASE\IASTEALLIFE.OBJ
C:\MASTER\TES\TES\PROJECTS\LOGIC\RELEASE\MELEESHIELD.OBJ
C:\MASTER\TES\TES\PROJECTS\LOGIC\RELEASE\PARTICLECONTROLLER.OBJ
C:\MASTER\TES\TES\PROJECTS\LOGIC\RELEASE\PHYSICENTITY.OBJ
C:\MASTER\TES\TES\PROJECTS\LOGIC\RELEASE\PHYSICTILEFRAGILE.OBJ
C:\MASTER\TES\TES\PROJECTS\LOGIC\RELEASE\PINCHOSCONTROLLER.OBJ
C:\MASTER\TES\TES\PROJECTS\LOGIC\RELEASE\PUSHBACKCOMPONENT.OBJ
C:\MASTER\TES\TES\PROJECTS\LOGIC\RELEASE\REGENERACIONVIDA.OBJ
C:\MASTER\TES\TES\PROJECTS\LOGIC\RELEASE\SHAKE.OBJ
C:\MASTER\TES\TES\PROJECTS\LOGIC\RELEASE\SMARTOBJECTJUMP.OBJ
C:\MASTER\TES\TES\PROJECTS\LOGIC\RELEASE\SOULFEEDBACKCONTROLLER.OBJ
C:\MASTER\TES\TES\PROJECTS\LOGIC\RELEASE\TIMETOLIVE.OBJ
C:\MASTER\TES\TES\PROJECTS\LOGIC\RELEASE\TORCHBEHAVIOUR.OBJ
C:\MASTER\TES\TES\PROJECTS\LOGIC\RELEASE\USABLEOBJECTTRIGGER.OBJ
C:\MASTER\TES\TES\PROJECTS\LOGIC\RELEASE\WAITANIMATIONS.OBJ
C:\MASTER\TES\TES\PROJECTS\LOGIC\RELEASE\AVATARCONTROLLER.OBJ
C:\MASTER\TES\TES\PROJECTS\LOGIC\RELEASE\AIINTERMEDIATE.OBJ
C:\MASTER\TES\TES\PROJECTS\LOGIC\RELEASE\ARROWENEMY.OBJ
C:\MASTER\TES\TES\PROJECTS\LOGIC\RELEASE\AUMENTARTIEMPORETO.OBJ
C:\MASTER\TES\TES\PROJECTS\LOGIC\RELEASE\AUMENTOVIDAMAXIMA.OBJ
C:\MASTER\TES\TES\PROJECTS\LOGIC\RELEASE\BILLBOARD.OBJ
C:\MASTER\TES\TES\PROJECTS\LOGIC\RELEASE\COINTORQUECONTROLLER.OBJ
C:\MASTER\TES\TES\PROJECTS\LOGIC\RELEASE\DIRECTIONAL.OBJ
C:\MASTER\TES\TES\PROJECTS\LOGIC\RELEASE\GUNAK47.OBJ
C:\MASTER\TES\TES\PROJECTS\LOGIC\RELEASE\IAAPPROACHMULTIDIR.OBJ
C:\MASTER\TES\TES\PROJECTS\LOGIC\RELEASE\IADEFEND.OBJ
C:\MASTER\TES\TES\PROJECTS\LOGIC\RELEASE\IAIDLE.OBJ
C:\MASTER\TES\TES\PROJECTS\LOGIC\RELEASE\IAKAMIKAZE.OBJ
C:\MASTER\TES\TES\PROJECTS\LOGIC\RELEASE\IASEEKRAY.OBJ
C:\MASTER\TES\TES\PROJECTS\LOGIC\RELEASE\IASHOOTUNIDIR.OBJ
C:\MASTER\TES\TES\PROJECTS\LOGIC\RELEASE\IATELEPORT.OBJ
C:\MASTER\TES\TES\PROJECTS\LOGIC\RELEASE\KATANA.OBJ
C:\MASTER\TES\TES\PROJECTS\LOGIC\RELEASE\MELEETONGUE.OBJ
C:\MASTER\TES\TES\PROJECTS\LOGIC\RELEASE\PHYSICCOIN.OBJ
C:\MASTER\TES\TES\PROJECTS\LOGIC\RELEASE\PHYSICDOOR.OBJ
C:\MASTER\TES\TES\PROJECTS\LOGIC\RELEASE\PHYSICSDEBUG.OBJ
C:\MASTER\TES\TES\PROJECTS\LOGIC\RELEASE\SCRIPTCOMPONENT.OBJ
C:\MASTER\TES\TES\PROJECTS\LOGIC\RELEASE\SOULLIGHTEFFECT.OBJ
C:\MASTER\TES\TES\PROJECTS\LOGIC\RELEASE\SOUNDLISTENER.OBJ
C:\MASTER\TES\TES\PROJECTS\LOGIC\RELEASE\SOUNDSYSTEM3D.OBJ
C:\MASTER\TES\TES\PROJECTS\LOGIC\RELEASE\STATICTEXT.OBJ
C:\MASTER\TES\TES\PROJECTS\LOGIC\RELEASE\TILEFRAGILE.OBJ
C:\MASTER\TES\TES\PROJECTS\LOGIC\RELEASE\TONGUEBALLCONTROLLER.OBJ
C:\MASTER\TES\TES\PROJECTS\LOGIC\RELEASE\TRIGGERUSABLEWEAPON.OBJ
C:\MASTER\TES\TES\PROJECTS\LOGIC\RELEASE\VERVIDAENEMIGOS.OBJ
C:\MASTER\TES\TES\PROJECTS\LOGIC\RELEASE\WEAPON.OBJ
C:\MASTER\TES\TES\PROJECTS\LOGIC\RELEASE\ENTITYID.OBJ
C:\MASTER\TES\TES\PROJECTS\LOGIC\RELEASE\MAP.OBJ
C:\MASTER\TES\TES\PROJECTS\LOGIC\RELEASE\CAMERA.OBJ
C:\MASTER\TES\TES\PROJECTS\LOGIC\RELEASE\SERVER.OBJ
C:\MASTER\TES\TES\PROJECTS\LOGIC\RELEASE\VC110.PDB
C:\MASTER\TES\TES\PROJECTS\LOGIC\RELEASE\LOGIC.LIB
C:\Master\TES\TES\Projects\Logic\Release\AIIntermediate.obj
C:\Master\TES\TES\Projects\Logic\Release\AltarFeedbackController.obj
C:\Master\TES\TES\Projects\Logic\Release\AltStatCanibal.obj
C:\Master\TES\TES\Projects\Logic\Release\AltStatesController.obj
C:\Master\TES\TES\Projects\Logic\Release\AnimatedGraphics.obj
C:\Master\TES\TES\Projects\Logic\Release\Arms.obj
C:\Master\TES\TES\Projects\Logic\Release\ArrowEnemy.obj
C:\Master\TES\TES\Projects\Logic\Release\AumentarTiempoReto.obj
C:\Master\TES\TES\Projects\Logic\Release\AumentoPorcentajeAlmas.obj
C:\Master\TES\TES\Projects\Logic\Release\AumentoUnSalto.obj
C:\Master\TES\TES\Projects\Logic\Release\AumentoVidaMaxima.obj
C:\Master\TES\TES\Projects\Logic\Release\AvatarController.obj
C:\Master\TES\TES\Projects\Logic\Release\BannerAnimationController.obj
C:\Master\TES\TES\Projects\Logic\Release\BarraLifeController.obj
C:\Master\TES\TES\Projects\Logic\Release\BarrilTrigger.obj
C:\Master\TES\TES\Projects\Logic\Release\Billboard.obj
C:\Master\TES\TES\Projects\Logic\Release\BulletController.obj
C:\Master\TES\TES\Projects\Logic\Release\Camera.obj
C:\Master\TES\TES\Projects\Logic\Release\CameraEffects.obj
C:\Master\TES\TES\Projects\Logic\Release\CameraMenu.obj
C:\Master\TES\TES\Projects\Logic\Release\CameraPause.obj
C:\Master\TES\TES\Projects\Logic\Release\CoinTorqueController.obj
C:\Master\TES\TES\Projects\Logic\Release\CommunicationPort.obj
C:\Master\TES\TES\Projects\Logic\Release\Component.obj
C:\Master\TES\TES\Projects\Logic\Release\ComponentFactory.obj
C:\Master\TES\TES\Projects\Logic\Release\DamageMeleeEnemy.obj
C:\Master\TES\TES\Projects\Logic\Release\Directional.obj
C:\Master\TES\TES\Projects\Logic\Release\DoorTrigger.obj
C:\Master\TES\TES\Projects\Logic\Release\EnemyMeleeAttack.obj
C:\Master\TES\TES\Projects\Logic\Release\Entity.obj
C:\Master\TES\TES\Projects\Logic\Release\EntityController.obj
C:\Master\TES\TES\Projects\Logic\Release\EntityFactory.obj
C:\Master\TES\TES\Projects\Logic\Release\EntityID.obj
C:\Master\TES\TES\Projects\Logic\Release\FloatingObject.obj
C:\Master\TES\TES\Projects\Logic\Release\Graphics.obj
C:\Master\TES\TES\Projects\Logic\Release\GreenSword.obj
C:\Master\TES\TES\Projects\Logic\Release\GunAK47.obj
C:\Master\TES\TES\Projects\Logic\Release\GunDart.obj
C:\Master\TES\TES\Projects\Logic\Release\GunLaser.obj
C:\Master\TES\TES\Projects\Logic\Release\IAApproach.obj
C:\Master\TES\TES\Projects\Logic\Release\IAApproachMultiDir.obj
C:\Master\TES\TES\Projects\Logic\Release\IAApproachPosition.obj
C:\Master\TES\TES\Projects\Logic\Release\IAAvoid.obj
C:\Master\TES\TES\Projects\Logic\Release\IADefend.obj
C:\Master\TES\TES\Projects\Logic\Release\IADodge.obj
C:\Master\TES\TES\Projects\Logic\Release\IADummy.obj
C:\Master\TES\TES\Projects\Logic\Release\IAIdle.obj
C:\Master\TES\TES\Projects\Logic\Release\IAInvincible.obj
C:\Master\TES\TES\Projects\Logic\Release\IAKamikaze.obj
C:\Master\TES\TES\Projects\Logic\Release\IAPong.obj
C:\Master\TES\TES\Projects\Logic\Release\IARunAway.obj
C:\Master\TES\TES\Projects\Logic\Release\IASeekRay.obj
C:\Master\TES\TES\Projects\Logic\Release\IAShootPlayer.obj
C:\Master\TES\TES\Projects\Logic\Release\IAShootRaycast.obj
C:\Master\TES\TES\Projects\Logic\Release\IAShootUniDir.obj
C:\Master\TES\TES\Projects\Logic\Release\IAStealLife.obj
C:\Master\TES\TES\Projects\Logic\Release\IASummon.obj
C:\Master\TES\TES\Projects\Logic\Release\IATeleport.obj
C:\Master\TES\TES\Projects\Logic\Release\IAWander.obj
C:\Master\TES\TES\Projects\Logic\Release\Katana.obj
C:\Master\TES\TES\Projects\Logic\Release\LaserBallController.obj
C:\Master\TES\TES\Projects\Logic\Release\LaserBeamController.obj
C:\Master\TES\TES\Projects\Logic\Release\Life.obj
C:\Master\TES\TES\Projects\Logic\Release\LifeBrokenObjects.obj
C:\Master\TES\TES\Projects\Logic\Release\LifeButler.obj
C:\Master\TES\TES\Projects\Logic\Release\LifeDoor.obj
C:\Master\TES\TES\Projects\Logic\Release\LifeEnemy.obj
C:\Master\TES\TES\Projects\Logic\Release\LifePlayer.obj
C:\Master\TES\TES\Projects\Logic\Release\Map.obj
C:\Master\TES\TES\Projects\Logic\Release\MapManager.obj
C:\Master\TES\TES\Projects\Logic\Release\MeleeShield.obj
C:\Master\TES\TES\Projects\Logic\Release\MeleeTongue.obj
C:\Master\TES\TES\Projects\Logic\Release\MovableText.obj
C:\Master\TES\TES\Projects\Logic\Release\ParticleController.obj
C:\Master\TES\TES\Projects\Logic\Release\particulaChupaAlmasController.obj
C:\Master\TES\TES\Projects\Logic\Release\PhysicCoin.obj
C:\Master\TES\TES\Projects\Logic\Release\PhysicController.obj
C:\Master\TES\TES\Projects\Logic\Release\PhysicDoor.obj
C:\Master\TES\TES\Projects\Logic\Release\PhysicEntity.obj
C:\Master\TES\TES\Projects\Logic\Release\PhysicsDebug.obj
C:\Master\TES\TES\Projects\Logic\Release\PhysicTileFragile.obj
C:\Master\TES\TES\Projects\Logic\Release\PhysicWeapon.obj
C:\Master\TES\TES\Projects\Logic\Release\PinchosController.obj
C:\Master\TES\TES\Projects\Logic\Release\PlayerLightController.obj
C:\Master\TES\TES\Projects\Logic\Release\PoolManager.obj
C:\Master\TES\TES\Projects\Logic\Release\PuntualLight.obj
C:\Master\TES\TES\Projects\Logic\Release\PushbackComponent.obj
C:\Master\TES\TES\Projects\Logic\Release\ReduceTimeChest.obj
C:\Master\TES\TES\Projects\Logic\Release\RegeneracionVida.obj
C:\Master\TES\TES\Projects\Logic\Release\RibbonTrailComponent.obj
C:\Master\TES\TES\Projects\Logic\Release\RibbonTrailComponentBis.obj
C:\Master\TES\TES\Projects\Logic\Release\ScriptComponent.obj
C:\Master\TES\TES\Projects\Logic\Release\ScriptEntity.obj
C:\Master\TES\TES\Projects\Logic\Release\Server.obj
C:\Master\TES\TES\Projects\Logic\Release\Shake.obj
C:\Master\TES\TES\Projects\Logic\Release\ShieldSpecialController.obj
C:\Master\TES\TES\Projects\Logic\Release\SmartObjectJump.obj
C:\Master\TES\TES\Projects\Logic\Release\SoulController.obj
C:\Master\TES\TES\Projects\Logic\Release\SoulFeedbackController.obj
C:\Master\TES\TES\Projects\Logic\Release\SoulLightEffect.obj
C:\Master\TES\TES\Projects\Logic\Release\SoulMenuGenerator.obj
C:\Master\TES\TES\Projects\Logic\Release\SoundListener.obj
C:\Master\TES\TES\Projects\Logic\Release\SoundSystem.obj
C:\Master\TES\TES\Projects\Logic\Release\SoundSystem3D.obj
C:\Master\TES\TES\Projects\Logic\Release\SpotLight.obj
C:\Master\TES\TES\Projects\Logic\Release\StaticText.obj
C:\Master\TES\TES\Projects\Logic\Release\SteeringMovement.obj
C:\Master\TES\TES\Projects\Logic\Release\SwordSlashController.obj
C:\Master\TES\TES\Projects\Logic\Release\TileFragile.obj
C:\Master\TES\TES\Projects\Logic\Release\TimeToDisappear..obj
C:\Master\TES\TES\Projects\Logic\Release\TimeToLive.obj
C:\Master\TES\TES\Projects\Logic\Release\TongueBallController.obj
C:\Master\TES\TES\Projects\Logic\Release\TorchBehaviour.obj
C:\Master\TES\TES\Projects\Logic\Release\TriggerUsableWeapon.obj
C:\Master\TES\TES\Projects\Logic\Release\UsableObjectTrigger.obj
C:\Master\TES\TES\Projects\Logic\Release\VerVidaEnemigos.obj
C:\Master\TES\TES\Projects\Logic\Release\WaitAnimations.obj
C:\Master\TES\TES\Projects\Logic\Release\Weapon.obj
C:\Master\TES\TES\Projects\Logic\Release\WeaponController.obj
C:\Master\TES\TES\Projects\Logic\Release\CL.4820.read.1.tlog
C:\Master\TES\TES\Projects\Logic\Release\CL.4820.write.1.tlog
C:\Master\TES\TES\Projects\Logic\Release\CL.5128.read.1.tlog
C:\Master\TES\TES\Projects\Logic\Release\CL.5128.write.1.tlog
C:\Master\TES\TES\Projects\Logic\Release\CL.5544.read.1.tlog
C:\Master\TES\TES\Projects\Logic\Release\CL.5544.write.1.tlog
C:\Master\TES\TES\Projects\Logic\Release\CL.588.read.1.tlog
C:\Master\TES\TES\Projects\Logic\Release\CL.588.write.1.tlog
C:\Master\TES\TES\Projects\Logic\Release\CL.6752.read.1.tlog
C:\Master\TES\TES\Projects\Logic\Release\CL.6752.write.1.tlog
C:\Master\TES\TES\Projects\Logic\Release\CL.7036.read.1.tlog
C:\Master\TES\TES\Projects\Logic\Release\CL.7036.write.1.tlog
C:\Master\TES\TES\Projects\Logic\Release\cl.command.1.tlog
C:\Master\TES\TES\Projects\Logic\Release\CL.read.1.tlog
C:\Master\TES\TES\Projects\Logic\Release\CL.write.1.tlog
C:\Master\TES\TES\Projects\Logic\Release\Lib-link.read.1.tlog
C:\Master\TES\TES\Projects\Logic\Release\Lib-link.write.1.tlog
C:\Master\TES\TES\Projects\Logic\Release\lib.command.1.tlog
C:\Master\TES\TES\Projects\Logic\Release\vc110.pdb
C:\Master\TES\TES\Projects\Logic\Release\Logic.lib
