C:\MASTER\TES\TES\PROJECTS\MAP\RELEASE\PARSERTILE.OBJ
C:\MASTER\TES\TES\PROJECTS\MAP\RELEASE\PUGIXML.OBJ
C:\MASTER\TES\TES\PROJECTS\MAP\RELEASE\MAPPARSER.OBJ
C:\MASTER\TES\TES\PROJECTS\MAP\RELEASE\MAPENTITY.OBJ
C:\MASTER\TES\TES\PROJECTS\MAP\RELEASE\VC110.PDB
C:\MASTER\TES\TES\PROJECTS\MAP\RELEASE\MAP.LIB
C:\Master\TES\TES\Projects\Map\Release\MapEntity.obj
C:\Master\TES\TES\Projects\Map\Release\MapParser.obj
C:\Master\TES\TES\Projects\Map\Release\ParserTile.obj
C:\Master\TES\TES\Projects\Map\Release\pugixml.obj
C:\Master\TES\TES\Projects\Map\Release\CL.6020.read.1.tlog
C:\Master\TES\TES\Projects\Map\Release\CL.6020.write.1.tlog
C:\Master\TES\TES\Projects\Map\Release\CL.7056.read.1.tlog
C:\Master\TES\TES\Projects\Map\Release\CL.7056.write.1.tlog
C:\Master\TES\TES\Projects\Map\Release\CL.7080.read.1.tlog
C:\Master\TES\TES\Projects\Map\Release\CL.7080.write.1.tlog
C:\Master\TES\TES\Projects\Map\Release\CL.7084.read.1.tlog
C:\Master\TES\TES\Projects\Map\Release\CL.7084.write.1.tlog
C:\Master\TES\TES\Projects\Map\Release\cl.command.1.tlog
C:\Master\TES\TES\Projects\Map\Release\CL.read.1.tlog
C:\Master\TES\TES\Projects\Map\Release\CL.write.1.tlog
C:\Master\TES\TES\Projects\Map\Release\Lib-link.read.1.tlog
C:\Master\TES\TES\Projects\Map\Release\Lib-link.write.1.tlog
C:\Master\TES\TES\Projects\Map\Release\lib.command.1.tlog
C:\Master\TES\TES\Projects\Map\Release\vc110.pdb
C:\Master\TES\TES\Projects\Map\Release\Map.lib
