C:\MASTER\TES\TES\PROJECTS\SOUNDS\RELEASE\SOUND3D.OBJ
C:\MASTER\TES\TES\PROJECTS\SOUNDS\RELEASE\SOUND.OBJ
C:\MASTER\TES\TES\PROJECTS\SOUNDS\RELEASE\SERVER.OBJ
C:\MASTER\TES\TES\PROJECTS\SOUNDS\RELEASE\MUSICMANAGER.OBJ
C:\MASTER\TES\TES\PROJECTS\SOUNDS\RELEASE\LISTENER.OBJ
C:\MASTER\TES\TES\PROJECTS\SOUNDS\RELEASE\GUISOUNDSMANAGER.OBJ
C:\MASTER\TES\TES\PROJECTS\SOUNDS\RELEASE\BANK.OBJ
C:\MASTER\TES\TES\PROJECTS\SOUNDS\RELEASE\VC110.PDB
C:\MASTER\TES\TES\PROJECTS\SOUNDS\RELEASE\SOUNDS.LIB
C:\Master\TES\TES\Projects\Sounds\Release\Bank.obj
C:\Master\TES\TES\Projects\Sounds\Release\GUISoundsManager.obj
C:\Master\TES\TES\Projects\Sounds\Release\Listener.obj
C:\Master\TES\TES\Projects\Sounds\Release\MusicManager.obj
C:\Master\TES\TES\Projects\Sounds\Release\Server.obj
C:\Master\TES\TES\Projects\Sounds\Release\Sound.obj
C:\Master\TES\TES\Projects\Sounds\Release\Sound3D.obj
C:\Master\TES\TES\Projects\Sounds\Release\cl.command.1.tlog
C:\Master\TES\TES\Projects\Sounds\Release\CL.read.1.tlog
C:\Master\TES\TES\Projects\Sounds\Release\CL.write.1.tlog
C:\Master\TES\TES\Projects\Sounds\Release\Lib-link.read.1.tlog
C:\Master\TES\TES\Projects\Sounds\Release\Lib-link.write.1.tlog
C:\Master\TES\TES\Projects\Sounds\Release\lib.command.1.tlog
C:\Master\TES\TES\Projects\Sounds\Release\vc110.pdb
C:\Master\TES\TES\Projects\Sounds\Release\Sounds.lib
