C:\MASTER\TES\TES\PROJECTS\PHYSICS\DEBUG\ACTOR.OBJ
C:\MASTER\TES\TES\PROJECTS\PHYSICS\DEBUG\CAPSULECONTROLLER.OBJ
C:\MASTER\TES\TES\PROJECTS\PHYSICS\DEBUG\COLLISIONMANAGER.OBJ
C:\MASTER\TES\TES\PROJECTS\PHYSICS\DEBUG\DYNAMICACTOR.OBJ
C:\MASTER\TES\TES\PROJECTS\PHYSICS\DEBUG\ERRORMANAGER.OBJ
C:\MASTER\TES\TES\PROJECTS\PHYSICS\DEBUG\SCENE.OBJ
C:\MASTER\TES\TES\PROJECTS\PHYSICS\DEBUG\SERVER.OBJ
C:\MASTER\TES\TES\PROJECTS\PHYSICS\DEBUG\STATICACTOR.OBJ
C:\MASTER\TES\TES\PROJECTS\PHYSICS\DEBUG\STATICPLANE.OBJ
C:\MASTER\TES\TES\PROJECTS\PHYSICS\DEBUG\VC110.PDB
C:\MASTER\TES\TES\PROJECTS\PHYSICS\DEBUG\PHYSICS.LIB
C:\Master\TES\TES\Projects\Physics\Debug\Actor.obj
C:\Master\TES\TES\Projects\Physics\Debug\CapsuleController.obj
C:\Master\TES\TES\Projects\Physics\Debug\CollisionManager.obj
C:\Master\TES\TES\Projects\Physics\Debug\DynamicActor.obj
C:\Master\TES\TES\Projects\Physics\Debug\ErrorManager.obj
C:\Master\TES\TES\Projects\Physics\Debug\Scene.obj
C:\Master\TES\TES\Projects\Physics\Debug\Server.obj
C:\Master\TES\TES\Projects\Physics\Debug\StaticActor.obj
C:\Master\TES\TES\Projects\Physics\Debug\StaticPlane.obj
C:\Master\TES\TES\Projects\Physics\Debug\cl.command.1.tlog
C:\Master\TES\TES\Projects\Physics\Debug\CL.read.1.tlog
C:\Master\TES\TES\Projects\Physics\Debug\CL.write.1.tlog
C:\Master\TES\TES\Projects\Physics\Debug\Lib-link.read.1.tlog
C:\Master\TES\TES\Projects\Physics\Debug\Lib-link.write.1.tlog
C:\Master\TES\TES\Projects\Physics\Debug\lib.command.1.tlog
C:\Master\TES\TES\Projects\Physics\Debug\vc110.idb
C:\Master\TES\TES\Projects\Physics\Debug\vc110.pdb
C:\Master\TES\TES\Projects\Physics\Debug\Physics.lib
