C:\MASTER\TES\TES\PROJECTS\BASESUBSYSTEMS\RELEASE\LOG.OBJ
C:\MASTER\TES\TES\PROJECTS\BASESUBSYSTEMS\RELEASE\RANDOMUTILS.OBJ
C:\MASTER\TES\TES\PROJECTS\BASESUBSYSTEMS\RELEASE\CONFIGURATIONMANAGER.OBJ
C:\MASTER\TES\TES\PROJECTS\BASESUBSYSTEMS\RELEASE\SERVER.OBJ
C:\MASTER\TES\TES\PROJECTS\BASESUBSYSTEMS\RELEASE\VC110.PDB
C:\MASTER\TES\TES\PROJECTS\BASESUBSYSTEMS\RELEASE\BASESUBSYSTEMS.LIB
C:\Master\TES\TES\Projects\BaseSubsystems\Release\BaseSubsystems.vcxprojResolveAssemblyReference.cache
C:\Master\TES\TES\Projects\BaseSubsystems\Release\ConfigurationManager.obj
C:\Master\TES\TES\Projects\BaseSubsystems\Release\Log.obj
C:\Master\TES\TES\Projects\BaseSubsystems\Release\RandomUtils.obj
C:\Master\TES\TES\Projects\BaseSubsystems\Release\Server.obj
C:\Master\TES\TES\Projects\BaseSubsystems\Release\CL.4820.read.1.tlog
C:\Master\TES\TES\Projects\BaseSubsystems\Release\CL.4820.write.1.tlog
C:\Master\TES\TES\Projects\BaseSubsystems\Release\CL.6632.read.1.tlog
C:\Master\TES\TES\Projects\BaseSubsystems\Release\CL.6632.write.1.tlog
C:\Master\TES\TES\Projects\BaseSubsystems\Release\CL.6920.read.1.tlog
C:\Master\TES\TES\Projects\BaseSubsystems\Release\CL.6920.write.1.tlog
C:\Master\TES\TES\Projects\BaseSubsystems\Release\CL.6940.read.1.tlog
C:\Master\TES\TES\Projects\BaseSubsystems\Release\CL.6940.write.1.tlog
C:\Master\TES\TES\Projects\BaseSubsystems\Release\cl.command.1.tlog
C:\Master\TES\TES\Projects\BaseSubsystems\Release\CL.read.1.tlog
C:\Master\TES\TES\Projects\BaseSubsystems\Release\CL.write.1.tlog
C:\Master\TES\TES\Projects\BaseSubsystems\Release\Lib-link.read.1.tlog
C:\Master\TES\TES\Projects\BaseSubsystems\Release\Lib-link.write.1.tlog
C:\Master\TES\TES\Projects\BaseSubsystems\Release\lib.command.1.tlog
C:\Master\TES\TES\Projects\BaseSubsystems\Release\vc110.pdb
C:\Master\TES\TES\Projects\BaseSubsystems\Release\BaseSubsystems.lib
