C:\MASTER\TES\TES\PROJECTS\CONFIGURE\DEBUG\CONFIGURE.OBJ
C:\MASTER\TES\TES\PROJECTS\CONFIGURE\DEBUG\VC110.PDB
C:\MASTER\TES\TES\EXES\CONFIGURE_D.ILK
C:\MASTER\TES\TES\EXES\CONFIGURE_D.EXE
C:\MASTER\TES\TES\EXES\CONFIGURE_D.PDB
C:\Master\TES\TES\Projects\Configure\Debug\Configure.obj
C:\Master\TES\TES\Projects\Configure\Debug\cl.command.1.tlog
C:\Master\TES\TES\Projects\Configure\Debug\CL.read.1.tlog
C:\Master\TES\TES\Projects\Configure\Debug\CL.write.1.tlog
C:\Master\TES\TES\Projects\Configure\Debug\link-cvtres.read.1.tlog
C:\Master\TES\TES\Projects\Configure\Debug\link-cvtres.write.1.tlog
C:\Master\TES\TES\Projects\Configure\Debug\link-rc.read.1.tlog
C:\Master\TES\TES\Projects\Configure\Debug\link-rc.write.1.tlog
C:\Master\TES\TES\Projects\Configure\Debug\link.command.1.tlog
C:\Master\TES\TES\Projects\Configure\Debug\link.read.1.tlog
C:\Master\TES\TES\Projects\Configure\Debug\link.write.1.tlog
C:\Master\TES\TES\Projects\Configure\Debug\vc110.idb
C:\Master\TES\TES\Projects\Configure\Debug\vc110.pdb
C:\Master\TES\TES\Exes\Configure_d.pdb
C:\Master\TES\TES\Exes\Configure_d.exe
C:\Master\TES\TES\Exes\Configure_d.ilk
