C:\MASTER\TES\TES\PROJECTS\PHYSICS\RELEASE\COLLISIONMANAGER.OBJ
C:\MASTER\TES\TES\PROJECTS\PHYSICS\RELEASE\ERRORMANAGER.OBJ
C:\MASTER\TES\TES\PROJECTS\PHYSICS\RELEASE\SCENE.OBJ
C:\MASTER\TES\TES\PROJECTS\PHYSICS\RELEASE\SERVER.OBJ
C:\MASTER\TES\TES\PROJECTS\PHYSICS\RELEASE\ACTOR.OBJ
C:\MASTER\TES\TES\PROJECTS\PHYSICS\RELEASE\STATICACTOR.OBJ
C:\MASTER\TES\TES\PROJECTS\PHYSICS\RELEASE\DYNAMICACTOR.OBJ
C:\MASTER\TES\TES\PROJECTS\PHYSICS\RELEASE\CAPSULECONTROLLER.OBJ
C:\MASTER\TES\TES\PROJECTS\PHYSICS\RELEASE\STATICPLANE.OBJ
C:\MASTER\TES\TES\PROJECTS\PHYSICS\RELEASE\VC110.PDB
C:\MASTER\TES\TES\PROJECTS\PHYSICS\RELEASE\PHYSICS.LIB
C:\Master\TES\TES\Projects\Physics\Release\Actor.obj
C:\Master\TES\TES\Projects\Physics\Release\CapsuleController.obj
C:\Master\TES\TES\Projects\Physics\Release\CollisionManager.obj
C:\Master\TES\TES\Projects\Physics\Release\DynamicActor.obj
C:\Master\TES\TES\Projects\Physics\Release\ErrorManager.obj
C:\Master\TES\TES\Projects\Physics\Release\Scene.obj
C:\Master\TES\TES\Projects\Physics\Release\Server.obj
C:\Master\TES\TES\Projects\Physics\Release\StaticActor.obj
C:\Master\TES\TES\Projects\Physics\Release\StaticPlane.obj
C:\Master\TES\TES\Projects\Physics\Release\CL.6416.read.1.tlog
C:\Master\TES\TES\Projects\Physics\Release\CL.6416.write.1.tlog
C:\Master\TES\TES\Projects\Physics\Release\CL.6424.read.1.tlog
C:\Master\TES\TES\Projects\Physics\Release\CL.6424.write.1.tlog
C:\Master\TES\TES\Projects\Physics\Release\CL.6432.read.1.tlog
C:\Master\TES\TES\Projects\Physics\Release\CL.6432.write.1.tlog
C:\Master\TES\TES\Projects\Physics\Release\CL.6440.read.1.tlog
C:\Master\TES\TES\Projects\Physics\Release\CL.6440.write.1.tlog
C:\Master\TES\TES\Projects\Physics\Release\cl.command.1.tlog
C:\Master\TES\TES\Projects\Physics\Release\CL.read.1.tlog
C:\Master\TES\TES\Projects\Physics\Release\CL.write.1.tlog
C:\Master\TES\TES\Projects\Physics\Release\Lib-link.read.1.tlog
C:\Master\TES\TES\Projects\Physics\Release\Lib-link.write.1.tlog
C:\Master\TES\TES\Projects\Physics\Release\lib.command.1.tlog
C:\Master\TES\TES\Projects\Physics\Release\vc110.pdb
C:\Master\TES\TES\Projects\Physics\Release\Physics.lib
