C:\MASTER\TES\TES\PROJECTS\SOUNDS\DEBUG\BANK.OBJ
C:\MASTER\TES\TES\PROJECTS\SOUNDS\DEBUG\GUISOUNDSMANAGER.OBJ
C:\MASTER\TES\TES\PROJECTS\SOUNDS\DEBUG\LISTENER.OBJ
C:\MASTER\TES\TES\PROJECTS\SOUNDS\DEBUG\MUSICMANAGER.OBJ
C:\MASTER\TES\TES\PROJECTS\SOUNDS\DEBUG\SERVER.OBJ
C:\MASTER\TES\TES\PROJECTS\SOUNDS\DEBUG\SOUND.OBJ
C:\MASTER\TES\TES\PROJECTS\SOUNDS\DEBUG\SOUND3D.OBJ
C:\MASTER\TES\TES\PROJECTS\SOUNDS\DEBUG\VC110.PDB
C:\MASTER\TES\TES\PROJECTS\SOUNDS\DEBUG\SOUNDS.LIB
C:\Master\TES\TES\Projects\Sounds\Debug\Sounds.vcxprojResolveAssemblyReference.cache
C:\Master\TES\TES\Projects\Sounds\Debug\Bank.obj
C:\Master\TES\TES\Projects\Sounds\Debug\GUISoundsManager.obj
C:\Master\TES\TES\Projects\Sounds\Debug\Listener.obj
C:\Master\TES\TES\Projects\Sounds\Debug\MusicManager.obj
C:\Master\TES\TES\Projects\Sounds\Debug\Server.obj
C:\Master\TES\TES\Projects\Sounds\Debug\Sound.obj
C:\Master\TES\TES\Projects\Sounds\Debug\Sound3D.obj
C:\Master\TES\TES\Projects\Sounds\Debug\cl.command.1.tlog
C:\Master\TES\TES\Projects\Sounds\Debug\CL.read.1.tlog
C:\Master\TES\TES\Projects\Sounds\Debug\CL.write.1.tlog
C:\Master\TES\TES\Projects\Sounds\Debug\Lib-link.read.1.tlog
C:\Master\TES\TES\Projects\Sounds\Debug\Lib-link.write.1.tlog
C:\Master\TES\TES\Projects\Sounds\Debug\lib.command.1.tlog
C:\Master\TES\TES\Projects\Sounds\Debug\vc110.idb
C:\Master\TES\TES\Projects\Sounds\Debug\vc110.pdb
C:\Master\TES\TES\Projects\Sounds\Debug\Sounds.lib
