C:\MASTER\TES\TES\PROJECTS\GRAPHICS\DEBUG\CAMERA.OBJ
C:\MASTER\TES\TES\PROJECTS\GRAPHICS\DEBUG\ENTITY.OBJ
C:\MASTER\TES\TES\PROJECTS\GRAPHICS\DEBUG\LDIRECTIONAL.OBJ
C:\MASTER\TES\TES\PROJECTS\GRAPHICS\DEBUG\BILLBOARDS.OBJ
C:\MASTER\TES\TES\PROJECTS\GRAPHICS\DEBUG\LIGHT.OBJ
C:\MASTER\TES\TES\PROJECTS\GRAPHICS\DEBUG\LPUNTUAL.OBJ
C:\MASTER\TES\TES\PROJECTS\GRAPHICS\DEBUG\LSPOTLIGHT.OBJ
C:\MASTER\TES\TES\PROJECTS\GRAPHICS\DEBUG\MANUALENTITY.OBJ
C:\MASTER\TES\TES\PROJECTS\GRAPHICS\DEBUG\MOVABLETEXT.OBJ
C:\MASTER\TES\TES\PROJECTS\GRAPHICS\DEBUG\MOVABLETEXTGRAPHICS.OBJ
C:\MASTER\TES\TES\PROJECTS\GRAPHICS\DEBUG\PARTICLE.OBJ
C:\MASTER\TES\TES\PROJECTS\GRAPHICS\DEBUG\PARTICLEMANAGER.OBJ
C:\MASTER\TES\TES\PROJECTS\GRAPHICS\DEBUG\PHYSICSDEBUGVISUALIZATION.OBJ
C:\MASTER\TES\TES\PROJECTS\GRAPHICS\DEBUG\POOLOGREENTITY.OBJ
C:\MASTER\TES\TES\PROJECTS\GRAPHICS\DEBUG\RIBBONTRAIL.OBJ
C:\MASTER\TES\TES\PROJECTS\GRAPHICS\DEBUG\SCENE.OBJ
C:\MASTER\TES\TES\PROJECTS\GRAPHICS\DEBUG\SCENENODE.OBJ
C:\MASTER\TES\TES\PROJECTS\GRAPHICS\DEBUG\SERVER.OBJ
C:\MASTER\TES\TES\PROJECTS\GRAPHICS\DEBUG\STATICENTITY.OBJ
C:\MASTER\TES\TES\PROJECTS\GRAPHICS\DEBUG\TRANSITION.OBJ
C:\MASTER\TES\TES\PROJECTS\GRAPHICS\DEBUG\ANIMATEDENTITY.OBJ
C:\MASTER\TES\TES\PROJECTS\GRAPHICS\DEBUG\ANIMATIONBLENDER.OBJ
C:\MASTER\TES\TES\PROJECTS\GRAPHICS\DEBUG\ANIMATIONOBJECT.OBJ
C:\MASTER\TES\TES\PROJECTS\GRAPHICS\DEBUG\VC110.PDB
C:\MASTER\TES\TES\PROJECTS\GRAPHICS\DEBUG\GRAPHICS.LIB
C:\Master\TES\TES\Projects\Graphics\Debug\AnimatedEntity.obj
C:\Master\TES\TES\Projects\Graphics\Debug\AnimationBlender.obj
C:\Master\TES\TES\Projects\Graphics\Debug\AnimationObject.obj
C:\Master\TES\TES\Projects\Graphics\Debug\BillBoards.obj
C:\Master\TES\TES\Projects\Graphics\Debug\Camera.obj
C:\Master\TES\TES\Projects\Graphics\Debug\Entity.obj
C:\Master\TES\TES\Projects\Graphics\Debug\LDirectional.obj
C:\Master\TES\TES\Projects\Graphics\Debug\Light.obj
C:\Master\TES\TES\Projects\Graphics\Debug\LPuntual.obj
C:\Master\TES\TES\Projects\Graphics\Debug\LSpotLight.obj
C:\Master\TES\TES\Projects\Graphics\Debug\ManualEntity.obj
C:\Master\TES\TES\Projects\Graphics\Debug\MovableText.obj
C:\Master\TES\TES\Projects\Graphics\Debug\MovableTextGraphics.obj
C:\Master\TES\TES\Projects\Graphics\Debug\Particle.obj
C:\Master\TES\TES\Projects\Graphics\Debug\ParticleManager.obj
C:\Master\TES\TES\Projects\Graphics\Debug\PhysicsDebugVisualization.obj
C:\Master\TES\TES\Projects\Graphics\Debug\PoolOgreEntity.obj
C:\Master\TES\TES\Projects\Graphics\Debug\RibbonTrail.obj
C:\Master\TES\TES\Projects\Graphics\Debug\Scene.obj
C:\Master\TES\TES\Projects\Graphics\Debug\SceneNode.obj
C:\Master\TES\TES\Projects\Graphics\Debug\Server.obj
C:\Master\TES\TES\Projects\Graphics\Debug\StaticEntity.obj
C:\Master\TES\TES\Projects\Graphics\Debug\Transition.obj
C:\Master\TES\TES\Projects\Graphics\Debug\cl.command.1.tlog
C:\Master\TES\TES\Projects\Graphics\Debug\CL.read.1.tlog
C:\Master\TES\TES\Projects\Graphics\Debug\CL.write.1.tlog
C:\Master\TES\TES\Projects\Graphics\Debug\Lib-link.read.1.tlog
C:\Master\TES\TES\Projects\Graphics\Debug\Lib-link.write.1.tlog
C:\Master\TES\TES\Projects\Graphics\Debug\lib.command.1.tlog
C:\Master\TES\TES\Projects\Graphics\Debug\vc110.idb
C:\Master\TES\TES\Projects\Graphics\Debug\vc110.pdb
C:\Master\TES\TES\Projects\Graphics\Debug\Graphics.lib
